C:\USERS\200156262\DESKTOP\CPLUS-FALL2013\ARITHMETIC\ARITHMETIC\DEBUG\VC110.PDB
C:\USERS\200156262\DESKTOP\CPLUS-FALL2013\ARITHMETIC\ARITHMETIC\DEBUG\HELPER.OBJ
C:\USERS\200156262\DESKTOP\CPLUS-FALL2013\ARITHMETIC\DEBUG\ARITHMETIC.ILK
C:\USERS\200156262\DESKTOP\CPLUS-FALL2013\ARITHMETIC\DEBUG\ARITHMETIC.EXE
C:\USERS\200156262\DESKTOP\CPLUS-FALL2013\ARITHMETIC\DEBUG\ARITHMETIC.PDB
C:\Users\200156262\Desktop\cplus-fall2013\Arithmetic\Arithmetic\Debug\Helper.obj
C:\Users\200156262\Desktop\cplus-fall2013\Arithmetic\Arithmetic\Debug\cl.command.1.tlog
C:\Users\200156262\Desktop\cplus-fall2013\Arithmetic\Arithmetic\Debug\CL.read.1.tlog
C:\Users\200156262\Desktop\cplus-fall2013\Arithmetic\Arithmetic\Debug\CL.write.1.tlog
C:\Users\200156262\Desktop\cplus-fall2013\Arithmetic\Arithmetic\Debug\link-cvtres.read.1.tlog
C:\Users\200156262\Desktop\cplus-fall2013\Arithmetic\Arithmetic\Debug\link-cvtres.write.1.tlog
C:\Users\200156262\Desktop\cplus-fall2013\Arithmetic\Arithmetic\Debug\link-rc.read.1.tlog
C:\Users\200156262\Desktop\cplus-fall2013\Arithmetic\Arithmetic\Debug\link-rc.write.1.tlog
C:\Users\200156262\Desktop\cplus-fall2013\Arithmetic\Arithmetic\Debug\link.command.1.tlog
C:\Users\200156262\Desktop\cplus-fall2013\Arithmetic\Arithmetic\Debug\link.read.1.tlog
C:\Users\200156262\Desktop\cplus-fall2013\Arithmetic\Arithmetic\Debug\link.write.1.tlog
C:\Users\200156262\Desktop\cplus-fall2013\Arithmetic\Arithmetic\Debug\vc110.idb
C:\Users\200156262\Desktop\cplus-fall2013\Arithmetic\Arithmetic\Debug\vc110.pdb
C:\Users\200156262\Desktop\cplus-fall2013\Arithmetic\Debug\Arithmetic.pdb
C:\Users\200156262\Desktop\cplus-fall2013\Arithmetic\Debug\Arithmetic.exe
C:\Users\200156262\Desktop\cplus-fall2013\Arithmetic\Debug\Arithmetic.ilk
