C:\USERS\200156262\DESKTOP\CPLUS-FALL2013\ASSIGNMENT13\ASSIGNMENT13\DEBUG\MAIN.OBJ
C:\USERS\200156262\DESKTOP\CPLUS-FALL2013\ASSIGNMENT13\ASSIGNMENT13\DEBUG\VC110.PDB
C:\USERS\200156262\DESKTOP\CPLUS-FALL2013\ASSIGNMENT13\DEBUG\ASSIGNMENT13.ILK
C:\USERS\200156262\DESKTOP\CPLUS-FALL2013\ASSIGNMENT13\DEBUG\ASSIGNMENT13.EXE
C:\USERS\200156262\DESKTOP\CPLUS-FALL2013\ASSIGNMENT13\DEBUG\ASSIGNMENT13.PDB
C:\Users\200156262\Desktop\cplus-fall2013\Assignment13\Assignment13\Debug\main.obj
C:\Users\200156262\Desktop\cplus-fall2013\Assignment13\Assignment13\Debug\cl.command.1.tlog
C:\Users\200156262\Desktop\cplus-fall2013\Assignment13\Assignment13\Debug\CL.read.1.tlog
C:\Users\200156262\Desktop\cplus-fall2013\Assignment13\Assignment13\Debug\CL.write.1.tlog
C:\Users\200156262\Desktop\cplus-fall2013\Assignment13\Assignment13\Debug\link-cvtres.read.1.tlog
C:\Users\200156262\Desktop\cplus-fall2013\Assignment13\Assignment13\Debug\link-cvtres.write.1.tlog
C:\Users\200156262\Desktop\cplus-fall2013\Assignment13\Assignment13\Debug\link-rc.read.1.tlog
C:\Users\200156262\Desktop\cplus-fall2013\Assignment13\Assignment13\Debug\link-rc.write.1.tlog
C:\Users\200156262\Desktop\cplus-fall2013\Assignment13\Assignment13\Debug\link.command.1.tlog
C:\Users\200156262\Desktop\cplus-fall2013\Assignment13\Assignment13\Debug\link.read.1.tlog
C:\Users\200156262\Desktop\cplus-fall2013\Assignment13\Assignment13\Debug\link.write.1.tlog
C:\Users\200156262\Desktop\cplus-fall2013\Assignment13\Assignment13\Debug\vc110.idb
C:\Users\200156262\Desktop\cplus-fall2013\Assignment13\Assignment13\Debug\vc110.pdb
C:\Users\200156262\Desktop\cplus-fall2013\Assignment13\Debug\Assignment13.pdb
C:\Users\200156262\Desktop\cplus-fall2013\Assignment13\Debug\Assignment13.exe
C:\Users\200156262\Desktop\cplus-fall2013\Assignment13\Debug\Assignment13.ilk
