C:\USERS\200156262\DESKTOP\CPLUS-FALL2013\POLY\QUADS\DEBUG\MAIN.OBJ
C:\USERS\200156262\DESKTOP\CPLUS-FALL2013\POLY\QUADS\DEBUG\VC110.PDB
C:\USERS\200156262\DESKTOP\CPLUS-FALL2013\POLY\DEBUG\QUADS.ILK
C:\USERS\200156262\DESKTOP\CPLUS-FALL2013\POLY\DEBUG\QUADS.EXE
C:\USERS\200156262\DESKTOP\CPLUS-FALL2013\POLY\DEBUG\QUADS.PDB
C:\Users\200156262\Desktop\cplus-fall2013\Poly\Quads\Debug\main.obj
C:\Users\200156262\Desktop\cplus-fall2013\Poly\Quads\Debug\cl.command.1.tlog
C:\Users\200156262\Desktop\cplus-fall2013\Poly\Quads\Debug\CL.read.1.tlog
C:\Users\200156262\Desktop\cplus-fall2013\Poly\Quads\Debug\CL.write.1.tlog
C:\Users\200156262\Desktop\cplus-fall2013\Poly\Quads\Debug\link-cvtres.read.1.tlog
C:\Users\200156262\Desktop\cplus-fall2013\Poly\Quads\Debug\link-cvtres.write.1.tlog
C:\Users\200156262\Desktop\cplus-fall2013\Poly\Quads\Debug\link-rc.read.1.tlog
C:\Users\200156262\Desktop\cplus-fall2013\Poly\Quads\Debug\link-rc.write.1.tlog
C:\Users\200156262\Desktop\cplus-fall2013\Poly\Quads\Debug\link.command.1.tlog
C:\Users\200156262\Desktop\cplus-fall2013\Poly\Quads\Debug\link.read.1.tlog
C:\Users\200156262\Desktop\cplus-fall2013\Poly\Quads\Debug\link.write.1.tlog
C:\Users\200156262\Desktop\cplus-fall2013\Poly\Quads\Debug\vc110.idb
C:\Users\200156262\Desktop\cplus-fall2013\Poly\Quads\Debug\vc110.pdb
C:\Users\200156262\Desktop\cplus-fall2013\Poly\Debug\Quads.pdb
C:\Users\200156262\Desktop\cplus-fall2013\Poly\Debug\Quads.exe
C:\Users\200156262\Desktop\cplus-fall2013\Poly\Debug\Quads.ilk
